<?xml version="1.0" encoding="UTF-8"?>
<testsuite xmlns:xsi="http://www.w3.org/2001/XMLSchema-instance" xsi:noNamespaceSchemaLocation="https://maven.apache.org/surefire/maven-surefire-plugin/xsd/surefire-test-report-3.0.xsd" version="3.0" name="com.example.CalculatorTest" time="0.088" tests="8" errors="0" skipped="1" failures="0">
  <properties>
[...]
</properties>
  <testcase name="testPower" classname="com.example.CalculatorTest" time="0">
    <skipped message="Not yet implemented"/>
  </testcase>
  <testcase name="testAdditionNegatives" classname="com.example.CalculatorTest" time="0.005"/>
  <testcase name="testMultiplicationByZero" classname="com.example.CalculatorTest" time="0"/>
  <testcase name="testMultiplication" classname="com.example.CalculatorTest" time="0.001"/>
  <testcase name="testAddition" classname="com.example.CalculatorTest" time="0"/>
  <testcase name="testDivision" classname="com.example.CalculatorTest" time="0.001"/>
  <testcase name="testSubtraction" classname="com.example.CalculatorTest" time="0"/>
  <testcase name="testDivisionFails" classname="com.example.CalculatorTest" time="0.001"/>
</testsuite>